[16:02:24] [main/INFO]: Setting user: Player840
[16:02:26] [Client thread/INFO]: LWJGL Version: 2.9.1
[16:02:37] [Client thread/INFO]: Reloading ResourceManager: Default, FMLFileResourcePack:Forge Mod Loader, FMLFileResourcePack:Minecraft Forge, FMLFileResourcePack:AbstractEngineering
[16:02:38] [Sound Library Loader/INFO]: Sound engine started
[16:02:38] [Client thread/INFO]: Created: 16x16 textures/blocks-atlas
[16:02:38] [Client thread/INFO]: Created: 16x16 textures/items-atlas
[16:02:39] [Client thread/INFO]: Reloading ResourceManager: Default, FMLFileResourcePack:Forge Mod Loader, FMLFileResourcePack:Minecraft Forge, FMLFileResourcePack:AbstractEngineering
[16:02:39] [Client thread/INFO]: Created: 512x256 textures/blocks-atlas
[16:02:39] [Client thread/INFO]: Created: 256x256 textures/items-atlas
[16:02:40] [Sound Library Loader/INFO]: Sound engine started
[16:02:43] [Server thread/INFO]: Starting integrated minecraft server version 1.7.10
[16:02:43] [Server thread/INFO]: Generating keypair
[16:02:47] [Server thread/INFO]: Starting integrated minecraft server version 1.7.10
[16:02:47] [Server thread/INFO]: Generating keypair
[16:02:48] [Server thread/INFO]: Preparing start region for level 0
[16:02:48] [Server thread/INFO]: Changing view distance to 12, from 10
[16:02:48] [Server thread/INFO]: Player840[local:E:a77b23c7] logged in with entity id 253 at (-1467.1596947413184, 4.0, 288.97310020235017)
[16:02:48] [Server thread/INFO]: Player840 joined the game
[16:02:50] [Server thread/INFO]: Player840 has just earned the achievement [Taking Inventory]
[16:02:50] [Client thread/INFO]: [CHAT] Player840 has just earned the achievement [Taking Inventory]
[16:02:56] [Client thread/INFO]: Stopping!
[16:02:57] [Server thread/INFO]: Stopping server
[16:02:57] [Server thread/INFO]: Saving players
[16:02:57] [Server thread/INFO]: Saving worlds
[16:02:57] [Server thread/INFO]: Saving chunks for level 'Test'/Overworld
[16:02:57] [Server thread/INFO]: Saving chunks for level 'Test'/Nether
[16:02:57] [Server thread/INFO]: Saving chunks for level 'Test'/The End
[16:03:46] [main/INFO]: Setting user: Player694
[16:03:48] [Client thread/INFO]: LWJGL Version: 2.9.1
